Compiled application.js  (14ms)  (pid 97366)
Compiled jquery.js  (15ms)  (pid 97366)
Compiled jquery_ujs.js  (1ms)  (pid 97366)
Compiled highcharts.js  (12ms)  (pid 97366)
Compiled twitter/bootstrap.js  (84ms)  (pid 97366)
Compiled twitter/bootstrap/bootstrap-transition.js  (0ms)  (pid 97366)
Compiled twitter/bootstrap/bootstrap-alert.js  (1ms)  (pid 97366)
Compiled twitter/bootstrap/bootstrap-modal.js  (1ms)  (pid 97366)
Compiled twitter/bootstrap/bootstrap-dropdown.js  (1ms)  (pid 97366)
Compiled twitter/bootstrap/bootstrap-scrollspy.js  (15ms)  (pid 97366)
Compiled twitter/bootstrap/bootstrap-tab.js  (1ms)  (pid 97366)
Compiled twitter/bootstrap/bootstrap-tooltip.js  (1ms)  (pid 97366)
Compiled twitter/bootstrap/bootstrap-popover.js  (0ms)  (pid 97366)
Compiled twitter/bootstrap/bootstrap-button.js  (0ms)  (pid 97366)
Compiled twitter/bootstrap/bootstrap-collapse.js  (0ms)  (pid 97366)
Compiled twitter/bootstrap/bootstrap-carousel.js  (0ms)  (pid 97366)
Compiled twitter/bootstrap/bootstrap-typeahead.js  (1ms)  (pid 97366)
Compiled bootstrap.js  (104ms)  (pid 97366)
Compiled pages.js  (5ms)  (pid 97366)
Compiled tracks.js  (5ms)  (pid 97366)
Compiled application.css  (65ms)  (pid 97366)
Compiled bootstrap_and_overrides.css  (1864ms)  (pid 97366)
Compiled pages.css  (17ms)  (pid 97366)
Compiled application.js  (51ms)  (pid 97825)
Compiled jquery.js  (4ms)  (pid 97825)
Compiled jquery_ujs.js  (0ms)  (pid 97825)
Compiled highcharts.js  (1ms)  (pid 97825)
Compiled twitter/bootstrap.js  (26ms)  (pid 97825)
Compiled twitter/bootstrap/bootstrap-transition.js  (0ms)  (pid 97825)
Compiled twitter/bootstrap/bootstrap-alert.js  (0ms)  (pid 97825)
Compiled twitter/bootstrap/bootstrap-modal.js  (0ms)  (pid 97825)
Compiled twitter/bootstrap/bootstrap-dropdown.js  (0ms)  (pid 97825)
Compiled twitter/bootstrap/bootstrap-scrollspy.js  (0ms)  (pid 97825)
Compiled twitter/bootstrap/bootstrap-tab.js  (0ms)  (pid 97825)
Compiled twitter/bootstrap/bootstrap-tooltip.js  (0ms)  (pid 97825)
Compiled twitter/bootstrap/bootstrap-popover.js  (0ms)  (pid 97825)
Compiled twitter/bootstrap/bootstrap-button.js  (0ms)  (pid 97825)
Compiled twitter/bootstrap/bootstrap-collapse.js  (49ms)  (pid 97825)
Compiled twitter/bootstrap/bootstrap-carousel.js  (0ms)  (pid 97825)
Compiled twitter/bootstrap/bootstrap-typeahead.js  (0ms)  (pid 97825)
Compiled bootstrap.js  (58ms)  (pid 97825)
Compiled pages.js  (0ms)  (pid 97825)
Compiled tracks.js  (0ms)  (pid 97825)
Compiled application.css  (40ms)  (pid 97825)
Compiled bootstrap_and_overrides.css  (4498ms)  (pid 97825)
Compiled pages.css  (20ms)  (pid 97825)
Compiled scaffolds.css  (85ms)  (pid 97825)
Compiled tracks.css  (12ms)  (pid 97825)
Compiled application.js  (20ms)  (pid 97813)
Compiled jquery.js  (20ms)  (pid 97813)
Compiled jquery_ujs.js  (1ms)  (pid 97813)
Compiled highcharts.js  (20ms)  (pid 97813)
Compiled twitter/bootstrap.js  (26ms)  (pid 97813)
Compiled twitter/bootstrap/bootstrap-transition.js  (0ms)  (pid 97813)
Compiled twitter/bootstrap/bootstrap-alert.js  (0ms)  (pid 97813)
Compiled twitter/bootstrap/bootstrap-modal.js  (0ms)  (pid 97813)
Compiled twitter/bootstrap/bootstrap-dropdown.js  (0ms)  (pid 97813)
Compiled twitter/bootstrap/bootstrap-scrollspy.js  (0ms)  (pid 97813)
Compiled twitter/bootstrap/bootstrap-tab.js  (2ms)  (pid 97813)
Compiled twitter/bootstrap/bootstrap-tooltip.js  (0ms)  (pid 97813)
Compiled twitter/bootstrap/bootstrap-popover.js  (0ms)  (pid 97813)
Compiled twitter/bootstrap/bootstrap-button.js  (0ms)  (pid 97813)
Compiled twitter/bootstrap/bootstrap-collapse.js  (0ms)  (pid 97813)
Compiled twitter/bootstrap/bootstrap-carousel.js  (0ms)  (pid 97813)
Compiled twitter/bootstrap/bootstrap-typeahead.js  (0ms)  (pid 97813)
Compiled bootstrap.js  (76ms)  (pid 97813)
Compiled pages.js  (7ms)  (pid 97813)
Compiled tracks.js  (5ms)  (pid 97813)
Compiled application.css  (2ms)  (pid 97813)
Compiled bootstrap_and_overrides.css  (1718ms)  (pid 97813)
Compiled pages.css  (1ms)  (pid 97813)
Compiled scaffolds.css  (14ms)  (pid 97813)
Compiled tracks.css  (4ms)  (pid 97813)
Compiled application.js  (8ms)  (pid 11073)
Compiled jquery.js  (3ms)  (pid 11073)
Compiled jquery_ujs.js  (0ms)  (pid 11073)
Compiled highcharts.js  (1ms)  (pid 11073)
Compiled twitter/bootstrap.js  (21ms)  (pid 11073)
Compiled twitter/bootstrap/bootstrap-transition.js  (0ms)  (pid 11073)
Compiled twitter/bootstrap/bootstrap-alert.js  (0ms)  (pid 11073)
Compiled twitter/bootstrap/bootstrap-modal.js  (0ms)  (pid 11073)
Compiled twitter/bootstrap/bootstrap-dropdown.js  (0ms)  (pid 11073)
Compiled twitter/bootstrap/bootstrap-scrollspy.js  (0ms)  (pid 11073)
Compiled twitter/bootstrap/bootstrap-tab.js  (0ms)  (pid 11073)
Compiled twitter/bootstrap/bootstrap-tooltip.js  (0ms)  (pid 11073)
Compiled twitter/bootstrap/bootstrap-popover.js  (46ms)  (pid 11073)
Compiled twitter/bootstrap/bootstrap-button.js  (0ms)  (pid 11073)
Compiled twitter/bootstrap/bootstrap-collapse.js  (0ms)  (pid 11073)
Compiled twitter/bootstrap/bootstrap-carousel.js  (0ms)  (pid 11073)
Compiled twitter/bootstrap/bootstrap-typeahead.js  (0ms)  (pid 11073)
Compiled bootstrap.js  (47ms)  (pid 11073)
Compiled highcharts/highcharts.js  (1ms)  (pid 11073)
Compiled highcharts/highcharts.src.js  (5ms)  (pid 11073)
Compiled pages.js  (0ms)  (pid 11073)
Compiled tracks.js  (0ms)  (pid 11073)
Compiled application.css  (2ms)  (pid 11073)
Compiled bootstrap_and_overrides.css  (1442ms)  (pid 11073)
Compiled pages.css  (1ms)  (pid 11073)
Compiled scaffolds.css  (13ms)  (pid 11073)
Compiled tracks.css  (2ms)  (pid 11073)
Compiled application.js  (8ms)  (pid 11066)
Compiled jquery.js  (319ms)  (pid 11066)
Compiled jquery_ujs.js  (1ms)  (pid 11066)
Compiled highcharts.js  (41ms)  (pid 11066)
Compiled twitter/bootstrap.js  (23ms)  (pid 11066)
Compiled twitter/bootstrap/bootstrap-transition.js  (0ms)  (pid 11066)
Compiled twitter/bootstrap/bootstrap-alert.js  (0ms)  (pid 11066)
Compiled twitter/bootstrap/bootstrap-modal.js  (0ms)  (pid 11066)
Compiled twitter/bootstrap/bootstrap-dropdown.js  (0ms)  (pid 11066)
Compiled twitter/bootstrap/bootstrap-scrollspy.js  (0ms)  (pid 11066)
Compiled twitter/bootstrap/bootstrap-tab.js  (0ms)  (pid 11066)
Compiled twitter/bootstrap/bootstrap-tooltip.js  (0ms)  (pid 11066)
Compiled twitter/bootstrap/bootstrap-popover.js  (0ms)  (pid 11066)
Compiled twitter/bootstrap/bootstrap-button.js  (0ms)  (pid 11066)
Compiled twitter/bootstrap/bootstrap-collapse.js  (0ms)  (pid 11066)
Compiled twitter/bootstrap/bootstrap-carousel.js  (0ms)  (pid 11066)
Compiled twitter/bootstrap/bootstrap-typeahead.js  (0ms)  (pid 11066)
Compiled bootstrap.js  (93ms)  (pid 11066)
Compiled highcharts/highcharts.js  (1ms)  (pid 11066)
Compiled highcharts/highcharts.src.js  (5ms)  (pid 11066)
Compiled pages.js  (0ms)  (pid 11066)
Compiled tracks.js  (0ms)  (pid 11066)
Compiled application.css  (31ms)  (pid 11066)
Compiled bootstrap_and_overrides.css  (1763ms)  (pid 11066)
Compiled pages.css  (1ms)  (pid 11066)
Compiled scaffolds.css  (19ms)  (pid 11066)
Compiled tracks.css  (17ms)  (pid 11066)
Compiled application.js  (59ms)  (pid 75513)
Compiled jquery.js  (28ms)  (pid 75513)
Compiled jquery_ujs.js  (147ms)  (pid 75513)
Compiled highcharts.js  (176ms)  (pid 75513)
Compiled twitter/bootstrap.js  (44ms)  (pid 75513)
Compiled twitter/bootstrap/bootstrap-transition.js  (1ms)  (pid 75513)
Compiled twitter/bootstrap/bootstrap-alert.js  (1ms)  (pid 75513)
Compiled twitter/bootstrap/bootstrap-modal.js  (1ms)  (pid 75513)
Compiled twitter/bootstrap/bootstrap-dropdown.js  (1ms)  (pid 75513)
Compiled twitter/bootstrap/bootstrap-scrollspy.js  (1ms)  (pid 75513)
Compiled twitter/bootstrap/bootstrap-tab.js  (1ms)  (pid 75513)
Compiled twitter/bootstrap/bootstrap-tooltip.js  (1ms)  (pid 75513)
Compiled twitter/bootstrap/bootstrap-popover.js  (1ms)  (pid 75513)
Compiled twitter/bootstrap/bootstrap-button.js  (1ms)  (pid 75513)
Compiled twitter/bootstrap/bootstrap-collapse.js  (1ms)  (pid 75513)
Compiled twitter/bootstrap/bootstrap-carousel.js  (1ms)  (pid 75513)
Compiled twitter/bootstrap/bootstrap-typeahead.js  (1ms)  (pid 75513)
Compiled bootstrap.js  (81ms)  (pid 75513)
Compiled highcharts/highcharts.js  (16ms)  (pid 75513)
Compiled highcharts/highcharts.src.js  (521ms)  (pid 75513)
Compiled pages.js  (15ms)  (pid 75513)
Compiled tracks.js  (13ms)  (pid 75513)
Compiled application.css  (75ms)  (pid 75513)
Compiled bootstrap_and_overrides.css  (6560ms)  (pid 75513)
Compiled pages.css  (158ms)  (pid 75513)
Compiled scaffolds.css  (42ms)  (pid 75513)
Compiled tracks.css  (154ms)  (pid 75513)
Compiled application.js  (38ms)  (pid 75498)
Compiled jquery.js  (10ms)  (pid 75498)
Compiled jquery_ujs.js  (1ms)  (pid 75498)
Compiled highcharts.js  (1ms)  (pid 75498)
Compiled twitter/bootstrap.js  (36ms)  (pid 75498)
Compiled twitter/bootstrap/bootstrap-transition.js  (0ms)  (pid 75498)
Compiled twitter/bootstrap/bootstrap-alert.js  (0ms)  (pid 75498)
Compiled twitter/bootstrap/bootstrap-modal.js  (0ms)  (pid 75498)
Compiled twitter/bootstrap/bootstrap-dropdown.js  (1ms)  (pid 75498)
Compiled twitter/bootstrap/bootstrap-scrollspy.js  (0ms)  (pid 75498)
Compiled twitter/bootstrap/bootstrap-tab.js  (0ms)  (pid 75498)
Compiled twitter/bootstrap/bootstrap-tooltip.js  (2ms)  (pid 75498)
Compiled twitter/bootstrap/bootstrap-popover.js  (0ms)  (pid 75498)
Compiled twitter/bootstrap/bootstrap-button.js  (0ms)  (pid 75498)
Compiled twitter/bootstrap/bootstrap-collapse.js  (0ms)  (pid 75498)
Compiled twitter/bootstrap/bootstrap-carousel.js  (0ms)  (pid 75498)
Compiled twitter/bootstrap/bootstrap-typeahead.js  (0ms)  (pid 75498)
Compiled bootstrap.js  (59ms)  (pid 75498)
Compiled highcharts/highcharts.js  (1ms)  (pid 75498)
Compiled highcharts/highcharts.src.js  (34ms)  (pid 75498)
Compiled pages.js  (1ms)  (pid 75498)
Compiled tracks.js  (0ms)  (pid 75498)
Compiled application.css  (2ms)  (pid 75498)
Compiled bootstrap_and_overrides.css  (2374ms)  (pid 75498)
Compiled pages.css  (2ms)  (pid 75498)
Compiled scaffolds.css  (72ms)  (pid 75498)
Compiled tracks.css  (3ms)  (pid 75498)
Compiled application.js  (57ms)  (pid 84124)
Compiled jquery.js  (30ms)  (pid 84124)
Compiled jquery_ujs.js  (1ms)  (pid 84124)
Compiled highcharts.js  (12ms)  (pid 84124)
Compiled twitter/bootstrap.js  (41ms)  (pid 84124)
Compiled twitter/bootstrap/bootstrap-transition.js  (1ms)  (pid 84124)
Compiled twitter/bootstrap/bootstrap-alert.js  (0ms)  (pid 84124)
Compiled twitter/bootstrap/bootstrap-modal.js  (1ms)  (pid 84124)
Compiled twitter/bootstrap/bootstrap-dropdown.js  (0ms)  (pid 84124)
Compiled twitter/bootstrap/bootstrap-scrollspy.js  (0ms)  (pid 84124)
Compiled twitter/bootstrap/bootstrap-tab.js  (0ms)  (pid 84124)
Compiled twitter/bootstrap/bootstrap-tooltip.js  (1ms)  (pid 84124)
Compiled twitter/bootstrap/bootstrap-popover.js  (0ms)  (pid 84124)
Compiled twitter/bootstrap/bootstrap-button.js  (0ms)  (pid 84124)
Compiled twitter/bootstrap/bootstrap-collapse.js  (1ms)  (pid 84124)
Compiled twitter/bootstrap/bootstrap-carousel.js  (0ms)  (pid 84124)
Compiled twitter/bootstrap/bootstrap-typeahead.js  (1ms)  (pid 84124)
Compiled bootstrap.js  (84ms)  (pid 84124)
Compiled highcharts/highcharts.js  (19ms)  (pid 84124)
Compiled highcharts/highcharts.src.js  (16ms)  (pid 84124)
Compiled pages.js  (16ms)  (pid 84124)
Compiled tracks.js  (5ms)  (pid 84124)
Compiled application.css  (6ms)  (pid 84124)
Compiled bootstrap_and_overrides.css  (2284ms)  (pid 84124)
Compiled pages.css  (158ms)  (pid 84124)
Compiled scaffolds.css  (27ms)  (pid 84124)
Compiled tracks.css  (12ms)  (pid 84124)
Compiled application.js  (40ms)  (pid 84097)
Compiled jquery.js  (10ms)  (pid 84097)
Compiled jquery_ujs.js  (2ms)  (pid 84097)
Compiled highcharts.js  (17ms)  (pid 84097)
Compiled twitter/bootstrap.js  (60ms)  (pid 84097)
Compiled twitter/bootstrap/bootstrap-transition.js  (0ms)  (pid 84097)
Compiled twitter/bootstrap/bootstrap-alert.js  (0ms)  (pid 84097)
Compiled twitter/bootstrap/bootstrap-modal.js  (0ms)  (pid 84097)
Compiled twitter/bootstrap/bootstrap-dropdown.js  (0ms)  (pid 84097)
Compiled twitter/bootstrap/bootstrap-scrollspy.js  (0ms)  (pid 84097)
Compiled twitter/bootstrap/bootstrap-tab.js  (0ms)  (pid 84097)
Compiled twitter/bootstrap/bootstrap-tooltip.js  (0ms)  (pid 84097)
Compiled twitter/bootstrap/bootstrap-popover.js  (0ms)  (pid 84097)
Compiled twitter/bootstrap/bootstrap-button.js  (0ms)  (pid 84097)
Compiled twitter/bootstrap/bootstrap-collapse.js  (0ms)  (pid 84097)
Compiled twitter/bootstrap/bootstrap-carousel.js  (0ms)  (pid 84097)
Compiled twitter/bootstrap/bootstrap-typeahead.js  (0ms)  (pid 84097)
Compiled bootstrap.js  (76ms)  (pid 84097)
Compiled highcharts/highcharts.js  (13ms)  (pid 84097)
Compiled highcharts/highcharts.src.js  (17ms)  (pid 84097)
Compiled pages.js  (10ms)  (pid 84097)
Compiled tracks.js  (4ms)  (pid 84097)
Compiled application.css  (20ms)  (pid 84097)
Compiled bootstrap_and_overrides.css  (5194ms)  (pid 84097)
Compiled pages.css  (39ms)  (pid 84097)
Compiled scaffolds.css  (81ms)  (pid 84097)
Compiled tracks.css  (19ms)  (pid 84097)
Compiled application.js  (73ms)  (pid 88221)
Compiled jquery.js  (44ms)  (pid 88221)
Compiled jquery_ujs.js  (1ms)  (pid 88221)
Compiled highcharts.js  (10ms)  (pid 88221)
Compiled twitter/bootstrap.js  (35ms)  (pid 88221)
Compiled twitter/bootstrap/bootstrap-transition.js  (45ms)  (pid 88221)
Compiled twitter/bootstrap/bootstrap-alert.js  (0ms)  (pid 88221)
Compiled twitter/bootstrap/bootstrap-modal.js  (0ms)  (pid 88221)
Compiled twitter/bootstrap/bootstrap-dropdown.js  (0ms)  (pid 88221)
Compiled twitter/bootstrap/bootstrap-scrollspy.js  (0ms)  (pid 88221)
Compiled twitter/bootstrap/bootstrap-tab.js  (0ms)  (pid 88221)
Compiled twitter/bootstrap/bootstrap-tooltip.js  (0ms)  (pid 88221)
Compiled twitter/bootstrap/bootstrap-popover.js  (0ms)  (pid 88221)
Compiled twitter/bootstrap/bootstrap-button.js  (0ms)  (pid 88221)
Compiled twitter/bootstrap/bootstrap-collapse.js  (0ms)  (pid 88221)
Compiled twitter/bootstrap/bootstrap-carousel.js  (0ms)  (pid 88221)
Compiled twitter/bootstrap/bootstrap-typeahead.js  (1ms)  (pid 88221)
Compiled bootstrap.js  (102ms)  (pid 88221)
Compiled highcharts/highcharts.js  (61ms)  (pid 88221)
Compiled highcharts/highcharts.src.js  (37ms)  (pid 88221)
Compiled pages.js  (14ms)  (pid 88221)
Compiled tracks.js  (13ms)  (pid 88221)
Compiled application.css  (8ms)  (pid 88221)
Compiled bootstrap_and_overrides.css  (3906ms)  (pid 88221)
Compiled pages.css  (154ms)  (pid 88221)
Compiled scaffolds.css  (27ms)  (pid 88221)
Compiled tracks.css  (11ms)  (pid 88221)
Compiled application.js  (38ms)  (pid 88197)
Compiled jquery.js  (160ms)  (pid 88197)
Compiled jquery_ujs.js  (11ms)  (pid 88197)
Compiled highcharts.js  (85ms)  (pid 88197)
Compiled twitter/bootstrap.js  (42ms)  (pid 88197)
Compiled twitter/bootstrap/bootstrap-transition.js  (35ms)  (pid 88197)
Compiled twitter/bootstrap/bootstrap-alert.js  (141ms)  (pid 88197)
Compiled twitter/bootstrap/bootstrap-modal.js  (162ms)  (pid 88197)
Compiled twitter/bootstrap/bootstrap-dropdown.js  (0ms)  (pid 88197)
Compiled twitter/bootstrap/bootstrap-scrollspy.js  (26ms)  (pid 88197)
Compiled twitter/bootstrap/bootstrap-tab.js  (0ms)  (pid 88197)
Compiled twitter/bootstrap/bootstrap-tooltip.js  (0ms)  (pid 88197)
Compiled twitter/bootstrap/bootstrap-popover.js  (0ms)  (pid 88197)
Compiled twitter/bootstrap/bootstrap-button.js  (0ms)  (pid 88197)
Compiled twitter/bootstrap/bootstrap-collapse.js  (121ms)  (pid 88197)
Compiled twitter/bootstrap/bootstrap-carousel.js  (0ms)  (pid 88197)
Compiled twitter/bootstrap/bootstrap-typeahead.js  (18ms)  (pid 88197)
Compiled bootstrap.js  (115ms)  (pid 88197)
Compiled highcharts/highcharts.js  (11ms)  (pid 88197)
Compiled highcharts/highcharts.src.js  (223ms)  (pid 88197)
Compiled pages.js  (10ms)  (pid 88197)
Compiled tracks.js  (113ms)  (pid 88197)
Compiled application.css  (93ms)  (pid 88197)
Compiled bootstrap_and_overrides.css  (4142ms)  (pid 88197)
Compiled pages.css  (25ms)  (pid 88197)
Compiled scaffolds.css  (77ms)  (pid 88197)
Compiled tracks.css  (19ms)  (pid 88197)
